<?xml version="1.0" encoding="UTF-8"?>
<testng-results ignored="0" total="7" passed="7" failed="0" skipped="0">
  <reporter-output>
  </reporter-output>
  <suite started-at="2020-12-16T19:44:01 PST" name="Suite" finished-at="2020-12-16T19:49:07 PST" duration-ms="306623">
    <groups>
    </groups>
    <test started-at="2020-12-16T19:44:01 PST" name="Test" finished-at="2020-12-16T19:49:07 PST" duration-ms="306623">
      <class name="Testcases.T006_purchaseMicesValidation">
        <test-method signature="micesPageValidation()[pri:0, instance:Testcases.T006_purchaseMicesValidation@38e79ae3]" started-at="2020-12-16T19:47:27 PST" name="micesPageValidation" finished-at="2020-12-16T19:48:19 PST" duration-ms="51482" status="PASS">
          <reporter-output>
          </reporter-output>
        </test-method> <!-- micesPageValidation -->
      </class> <!-- Testcases.T006_purchaseMicesValidation -->
      <class name="Testcases.T005_purchaseHeadphonesValidation">
        <test-method signature="headphonesPageValidation()[pri:0, instance:Testcases.T005_purchaseHeadphonesValidation@6f45df59]" started-at="2020-12-16T19:46:34 PST" name="headphonesPageValidation" finished-at="2020-12-16T19:47:27 PST" duration-ms="53052" status="PASS">
          <reporter-output>
          </reporter-output>
        </test-method> <!-- headphonesPageValidation -->
      </class> <!-- Testcases.T005_purchaseHeadphonesValidation -->
      <class name="Testcases.T004_purchaseTabletsValidation">
        <test-method signature="tabletsPageValidation()[pri:0, instance:Testcases.T004_purchaseTabletsValidation@58ea606c]" started-at="2020-12-16T19:45:38 PST" name="tabletsPageValidation" finished-at="2020-12-16T19:46:34 PST" duration-ms="56290" status="PASS">
          <reporter-output>
          </reporter-output>
        </test-method> <!-- tabletsPageValidation -->
      </class> <!-- Testcases.T004_purchaseTabletsValidation -->
      <class name="Testcases.T007_searchOptionsValidation">
        <test-method signature="searchPageValidation()[pri:0, instance:Testcases.T007_searchOptionsValidation@63070bab]" started-at="2020-12-16T19:48:19 PST" name="searchPageValidation" finished-at="2020-12-16T19:49:07 PST" duration-ms="48491" status="PASS">
          <reporter-output>
          </reporter-output>
        </test-method> <!-- searchPageValidation -->
      </class> <!-- Testcases.T007_searchOptionsValidation -->
      <class name="Testcases.T002_loginPageValidation">
        <test-method signature="loginPageValidation()[pri:0, instance:Testcases.T002_loginPageValidation@1dac5ef]" started-at="2020-12-16T19:44:19 PST" name="loginPageValidation" finished-at="2020-12-16T19:44:43 PST" duration-ms="24540" status="PASS">
          <reporter-output>
          </reporter-output>
        </test-method> <!-- loginPageValidation -->
      </class> <!-- Testcases.T002_loginPageValidation -->
      <class name="Testcases.T001_homePageValidation">
        <test-method signature="homePageValidation()[pri:0, instance:Testcases.T001_homePageValidation@77f80c04]" started-at="2020-12-16T19:44:01 PST" name="homePageValidation" finished-at="2020-12-16T19:44:19 PST" duration-ms="17914" status="PASS">
          <reporter-output>
          </reporter-output>
        </test-method> <!-- homePageValidation -->
      </class> <!-- Testcases.T001_homePageValidation -->
      <class name="Testcases.T003_PurchaseSpeakersValidation">
        <test-method signature="speakersPageValidation()[pri:0, instance:Testcases.T003_PurchaseSpeakersValidation@5c90e579]" started-at="2020-12-16T19:44:43 PST" name="speakersPageValidation" finished-at="2020-12-16T19:45:38 PST" duration-ms="54759" status="PASS">
          <reporter-output>
          </reporter-output>
        </test-method> <!-- speakersPageValidation -->
      </class> <!-- Testcases.T003_PurchaseSpeakersValidation -->
    </test> <!-- Test -->
  </suite> <!-- Suite -->
</testng-results>
