<?xml version="1.0" encoding="UTF-8"?>
<testng-results ignored="0" total="7" passed="7" failed="0" skipped="0">
  <reporter-output>
  </reporter-output>
  <suite started-at="2020-12-20T11:21:46 PST" name="Suite" finished-at="2020-12-20T11:26:54 PST" duration-ms="307771">
    <groups>
    </groups>
    <test started-at="2020-12-20T11:21:46 PST" name="Test" finished-at="2020-12-20T11:26:54 PST" duration-ms="307771">
      <class name="Testcases.T006_purchaseMicesValidation">
        <test-method signature="micesPageValidation()[pri:0, instance:Testcases.T006_purchaseMicesValidation@3cc1435c]" started-at="2020-12-20T11:25:15 PST" name="micesPageValidation" finished-at="2020-12-20T11:26:06 PST" duration-ms="51485" status="PASS">
          <reporter-output>
          </reporter-output>
        </test-method> <!-- micesPageValidation -->
      </class> <!-- Testcases.T006_purchaseMicesValidation -->
      <class name="Testcases.T004_purchaseTabletsValidation">
        <test-method signature="tabletsPageValidation()[pri:0, instance:Testcases.T004_purchaseTabletsValidation@71c3b41]" started-at="2020-12-20T11:23:28 PST" name="tabletsPageValidation" finished-at="2020-12-20T11:24:23 PST" duration-ms="54822" status="PASS">
          <reporter-output>
          </reporter-output>
        </test-method> <!-- tabletsPageValidation -->
      </class> <!-- Testcases.T004_purchaseTabletsValidation -->
      <class name="Testcases.T005_purchaseHeadphonesValidation">
        <test-method signature="headphonesPageValidation()[pri:0, instance:Testcases.T005_purchaseHeadphonesValidation@236e3f4e]" started-at="2020-12-20T11:24:23 PST" name="headphonesPageValidation" finished-at="2020-12-20T11:25:15 PST" duration-ms="51658" status="PASS">
          <reporter-output>
          </reporter-output>
        </test-method> <!-- headphonesPageValidation -->
      </class> <!-- Testcases.T005_purchaseHeadphonesValidation -->
      <class name="Testcases.T007_searchOptionsValidation">
        <test-method signature="searchPageValidation()[pri:0, instance:Testcases.T007_searchOptionsValidation@6bf0219d]" started-at="2020-12-20T11:26:06 PST" name="searchPageValidation" finished-at="2020-12-20T11:26:54 PST" duration-ms="48083" status="PASS">
          <reporter-output>
          </reporter-output>
        </test-method> <!-- searchPageValidation -->
      </class> <!-- Testcases.T007_searchOptionsValidation -->
      <class name="Testcases.T002_loginPageValidation">
        <test-method signature="loginPageValidation()[pri:0, instance:Testcases.T002_loginPageValidation@343570b7]" started-at="2020-12-20T11:22:03 PST" name="loginPageValidation" finished-at="2020-12-20T11:22:31 PST" duration-ms="27776" status="PASS">
          <reporter-output>
          </reporter-output>
        </test-method> <!-- loginPageValidation -->
      </class> <!-- Testcases.T002_loginPageValidation -->
      <class name="Testcases.T003_PurchaseSpeakersValidation">
        <test-method signature="speakersPageValidation()[pri:0, instance:Testcases.T003_PurchaseSpeakersValidation@157853da]" started-at="2020-12-20T11:22:31 PST" name="speakersPageValidation" finished-at="2020-12-20T11:23:28 PST" duration-ms="56821" status="PASS">
          <reporter-output>
          </reporter-output>
        </test-method> <!-- speakersPageValidation -->
      </class> <!-- Testcases.T003_PurchaseSpeakersValidation -->
      <class name="Testcases.T001_homePageValidation">
        <test-method signature="homePageValidation()[pri:0, instance:Testcases.T001_homePageValidation@3943a2be]" started-at="2020-12-20T11:21:46 PST" name="homePageValidation" finished-at="2020-12-20T11:22:03 PST" duration-ms="17072" status="PASS">
          <reporter-output>
          </reporter-output>
        </test-method> <!-- homePageValidation -->
      </class> <!-- Testcases.T001_homePageValidation -->
    </test> <!-- Test -->
  </suite> <!-- Suite -->
</testng-results>
