<?xml version="1.0" encoding="UTF-8"?>
<!-- Generated by org.testng.reporters.JUnitXMLReporter -->
<testsuite ignored="0" hostname="LAPTOP-NJPBGQ91" failures="0" tests="7" name="Test" time="306.623" errors="0" timestamp="2020-12-16T19:49:07 PST">
  <testcase classname="Testcases.T001_homePageValidation" name="homePageValidation" time="17.914"/>
  <testcase classname="Testcases.T002_loginPageValidation" name="loginPageValidation" time="24.54"/>
  <testcase classname="Testcases.T003_PurchaseSpeakersValidation" name="speakersPageValidation" time="54.759"/>
  <testcase classname="Testcases.T004_purchaseTabletsValidation" name="tabletsPageValidation" time="56.29"/>
  <testcase classname="Testcases.T005_purchaseHeadphonesValidation" name="headphonesPageValidation" time="53.052"/>
  <testcase classname="Testcases.T006_purchaseMicesValidation" name="micesPageValidation" time="51.482"/>
  <testcase classname="Testcases.T007_searchOptionsValidation" name="searchPageValidation" time="48.491"/>
</testsuite> <!-- Test -->
