<?xml version="1.0" encoding="UTF-8"?>
<!-- Generated by org.testng.reporters.JUnitXMLReporter -->
<testsuite ignored="0" hostname="LAPTOP-NJPBGQ91" failures="0" tests="7" name="Test" time="302.201" errors="0" timestamp="2020-12-18T08:51:15 PST">
  <testcase classname="Testcases.T001_homePageValidation" name="homePageValidation" time="20.041"/>
  <testcase classname="Testcases.T002_loginPageValidation" name="loginPageValidation" time="22.147"/>
  <testcase classname="Testcases.T003_PurchaseSpeakersValidation" name="speakersPageValidation" time="56.225"/>
  <testcase classname="Testcases.T004_purchaseTabletsValidation" name="tabletsPageValidation" time="54.022"/>
  <testcase classname="Testcases.T005_purchaseHeadphonesValidation" name="headphonesPageValidation" time="52.217"/>
  <testcase classname="Testcases.T006_purchaseMicesValidation" name="micesPageValidation" time="50.684"/>
  <testcase classname="Testcases.T007_searchOptionsValidation" name="searchPageValidation" time="46.808"/>
</testsuite> <!-- Test -->
